<?xml version="1.0" encoding="UTF-8"?>
<!-- Generated by org.testng.reporters.JUnitReportReporter -->
<testsuite skipped="0" hostname="LAPTOP-TP2EVIVT" name="SDET26githubTest.Demo1Test" tests="2" failures="0" timestamp="10 Dec 2021 11:10:10 GMT" time="0.025" errors="0">
  <testcase name="demo1Test" time="0.022" classname="SDET26githubTest.Demo1Test"/>
  <testcase name="demo2Test" time="0.003" classname="SDET26githubTest.Demo1Test"/>
</testsuite> <!-- SDET26githubTest.Demo1Test -->
