<?xml version="1.0" encoding="UTF-8"?>
<!-- Generated by org.testng.reporters.JUnitReportReporter -->
<testsuite skipped="0" hostname="LAPTOP-TP2EVIVT" name="SDET26githubTest.DemoTest" tests="1" failures="0" timestamp="09 Dec 2021 08:10:35 GMT" time="0.015" errors="0">
  <testcase name="display" time="0.015" classname="SDET26githubTest.DemoTest"/>
</testsuite> <!-- SDET26githubTest.DemoTest -->
