<?xml version="1.0" encoding="UTF-8"?>
<!-- Generated by org.testng.reporters.JUnitReportReporter -->
<testsuite skipped="0" hostname="LAPTOP-TP2EVIVT" name="SDET26githubTest.DemoTest" tests="6" failures="0" timestamp="10 Dec 2021 07:09:09 GMT" time="0.028" errors="0">
  <testcase name="display4" time="0.002" classname="SDET26githubTest.DemoTest"/>
  <testcase name="display2" time="0.002" classname="SDET26githubTest.DemoTest"/>
  <testcase name="display7" time="0.002" classname="SDET26githubTest.DemoTest"/>
  <testcase name="display8" time="0.003" classname="SDET26githubTest.DemoTest"/>
  <testcase name="display3" time="0.002" classname="SDET26githubTest.DemoTest"/>
  <testcase name="display" time="0.017" classname="SDET26githubTest.DemoTest"/>
</testsuite> <!-- SDET26githubTest.DemoTest -->
