<?xml version="1.0" encoding="UTF-8"?>
<!-- Generated by org.testng.reporters.JUnitReportReporter -->
<testsuite skipped="0" hostname="LAPTOP-TP2EVIVT" name="SDET26githubTest.Demo1Test" tests="3" failures="0" timestamp="15 Dec 2021 09:42:26 GMT" time="0.029" errors="0">
  <testcase name="demo3Test" time="0.002" classname="SDET26githubTest.Demo1Test"/>
  <testcase name="demo1Test" time="0.023" classname="SDET26githubTest.Demo1Test"/>
  <testcase name="demo2Test" time="0.004" classname="SDET26githubTest.Demo1Test"/>
</testsuite> <!-- SDET26githubTest.Demo1Test -->
